<?xml version="1.0" encoding="UTF-8"?>
<testsuite name="jmockit.PersonSpec" tests="2" skipped="0" failures="0" errors="0" timestamp="2019-07-26T13:50:00" hostname="WKKZF-TLPC25" time="0.071">
  <properties/>
  <testcase name="API to test seting Name of person" classname="jmockit.PersonSpec" time="0.023"/>
  <testcase name="API to test Details of person" classname="jmockit.PersonSpec" time="0.047"/>
  <system-out><![CDATA[]]></system-out>
  <system-err><![CDATA[]]></system-err>
</testsuite>
